---------------------------------------------------------------
[ 2018-08-28T05:22:10+08:00 ] 10.139.164.219 223.74.213.20 GET /login/login/imgad.html
[ info ] app.duzhiqiang.com/login/login/imgad.html [运行时间：0.296640s][吞吐率：3.37req/s] [内存消耗：3,361.16kb] [文件加载：53]
[ info ] [ LANG ] /www/wwwroot/app.duzhiqiang.com/thinkphp/lang/zh-cn.php
[ info ] [ ROUTE ] array (
  'type' => 'module',
  'module' => 
  array (
    0 => 'login',
    1 => 'login',
    2 => 'imgad',
  ),
)
[ info ] [ HEADER ] array (
  'user-agent' => 'Mozilla/5.0 (Linux; Android 8.1.0; COR-AL00 Build/HUAWEICOR-AL00; wv) AppleWebKit/537.36 (KHTML, like Gecko) Version/4.0 Chrome/66.0.3359.126 Mobile Safari/537.36',
  'connection' => 'Keep-Alive',
  'charset' => 'UTF-8',
  'accept-encoding' => 'gzip',
  'accept' => '*/*',
  'host' => 'app.duzhiqiang.com',
)
[ info ] [ PARAM ] array (
)
[ info ] [ RUN ] app\login\controller\Login->imgad[ /www/wwwroot/app.duzhiqiang.com/application/login/controller/Login.php ]
[ info ] [ DB ] INIT mysql
[ info ] [ LOG ] INIT File
[ sql ] [ DB ] CONNECT:[ UseTime:0.025726s ] mysql:dbname=app_duzhiqiang_;host=localhost;port=3306;charset=utf8
[ sql ] [ SQL ] SHOW COLUMNS FROM `ap_advert` [ RunTime:0.001455s ]
[ sql ] [ SQL ] SELECT `content` FROM `ap_advert` WHERE  `id` = 2 LIMIT 1 [ RunTime:0.000181s ]
[ sql ] [ SQL ] SELECT `content` FROM `ap_advert` WHERE  `id` = 3 LIMIT 1 [ RunTime:0.000133s ]
[ sql ] [ SQL ] SELECT `content` FROM `ap_advert` WHERE  `id` = 14 LIMIT 1 [ RunTime:0.000145s ]
[ sql ] [ SQL ] SELECT `content` FROM `ap_advert` WHERE  `id` = 15 LIMIT 1 [ RunTime:0.000233s ]
[ sql ] [ SQL ] SELECT `content` FROM `ap_advert` WHERE  `id` = 16 LIMIT 1 [ RunTime:0.001126s ]
[ sql ] [ SQL ] SELECT `content` FROM `ap_advert` WHERE  `id` = 17 LIMIT 1 [ RunTime:0.000138s ]
