---------------------------------------------------------------
[ 2018-08-28T20:02:18+08:00 ] 10.139.164.219 36.106.199.117 GET /login/login/banner.html
[ info ] app.duzhiqiang.com/login/login/banner.html [运行时间：0.365497s][吞吐率：2.74req/s] [内存消耗：3,355.02kb] [文件加载：53]
[ info ] [ LANG ] /www/wwwroot/app.duzhiqiang.com/thinkphp/lang/zh-cn.php
[ info ] [ ROUTE ] array (
  'type' => 'module',
  'module' => 
  array (
    0 => 'login',
    1 => 'login',
    2 => 'banner',
  ),
)
[ info ] [ HEADER ] array (
  'charset' => 'UTF-8',
  'accept' => '*/*',
  'user-agent' => 'Mozilla/5.0 (Linux; Android 7.0; BRAVIA 4K GB Build/NRD91N.S124; wv) AppleWebKit/537.36 (KHTML, like Gecko) Version/4.0 Chrome/55.0.2883.91 Mobile Safari/537.36',
  'connection' => 'Keep-Alive',
  'accept-encoding' => 'gzip',
  'host' => 'app.duzhiqiang.com',
)
[ info ] [ PARAM ] array (
)
[ info ] [ RUN ] app\login\controller\Login->banner[ /www/wwwroot/app.duzhiqiang.com/application/login/controller/Login.php ]
[ info ] [ DB ] INIT mysql
[ info ] [ LOG ] INIT File
[ sql ] [ DB ] CONNECT:[ UseTime:0.027267s ] mysql:dbname=app_duzhiqiang_;host=localhost;port=3306;charset=utf8
[ sql ] [ SQL ] SHOW COLUMNS FROM `ap_banner` [ RunTime:0.000659s ]
[ sql ] [ SQL ] SELECT * FROM `ap_banner` [ RunTime:0.000163s ]
