---------------------------------------------------------------
[ 2018-08-18T23:54:39+08:00 ] 10.139.164.219 123.118.74.84 GET /
[ info ] app.duzhiqiang.com/ [运行时间：0.188668s][吞吐率：5.30req/s] [内存消耗：2,491.77kb] [文件加载：56]
[ info ] [ LANG ] /www/wwwroot/app.duzhiqiang.com/thinkphp/lang/zh-cn.php
[ info ] [ ROUTE ] array (
  'type' => 'module',
  'module' => 
  array (
    0 => '',
    1 => NULL,
    2 => NULL,
  ),
)
[ info ] [ HEADER ] array (
  'cookie' => 'Hm_lvt_c4b4876c8706f4fb03f22ded226258e7=1533970909,1534064921,1534421580,1534507685; mp_03fa90796c1e92c9e169584be53098ea_mixpanel=%7B%22distinct_id%22%3A%20%221654c9f28ada4-007b343aefae54-6b1b1279-15f900-1654c9f28ae155%22%2C%22%24initial_referrer%22%3A%20%22%24direct%22%2C%22%24initial_referring_domain%22%3A%20%22%24direct%22%7D',
  'accept-language' => 'zh-CN,zh;q=0.8',
  'accept-encoding' => 'gzip, deflate, sdch',
  'accept' => 'text/html,application/xhtml+xml,application/xml;q=0.9,image/webp,*/*;q=0.8',
  'user-agent' => 'Mozilla/5.0 (Windows NT 6.1; WOW64) AppleWebKit/537.36 (KHTML, like Gecko) Chrome/55.0.2883.87 Safari/537.36',
  'upgrade-insecure-requests' => '1',
  'connection' => 'keep-alive',
  'host' => 'app.duzhiqiang.com',
)
[ info ] [ PARAM ] array (
)
[ info ] [ RUN ] app\app\controller\Index->index[ /www/wwwroot/app.duzhiqiang.com/application/app/controller/Index.php ]
[ info ] [ DB ] INIT mysql
[ info ] [ VIEW ] /www/wwwroot/app.duzhiqiang.com/application/app/view/index/index.html [ array (
  0 => 'share',
  1 => 'sid',
) ]
[ info ] [ LOG ] INIT File
[ sql ] [ DB ] CONNECT:[ UseTime:0.002432s ] mysql:dbname=app_duzhiqiang_;host=localhost;port=3306;charset=utf8
[ sql ] [ SQL ] SHOW COLUMNS FROM `ap_user` [ RunTime:0.006041s ]
[ sql ] [ SQL ] SELECT COUNT(*) AS tp_count FROM `ap_user` WHERE  `id` = 0 LIMIT 1 [ RunTime:0.000589s ]
---------------------------------------------------------------
[ 2018-08-18T23:54:41+08:00 ] 10.139.164.219 123.118.74.84 GET /favicon.ico
[ info ] app.duzhiqiang.com/favicon.ico [运行时间：0.021568s][吞吐率：46.36req/s] [内存消耗：1,431.90kb] [文件加载：40]
[ info ] [ LANG ] /www/wwwroot/app.duzhiqiang.com/thinkphp/lang/zh-cn.php
[ info ] [ ROUTE ] array (
  'type' => 'module',
  'module' => 
  array (
    0 => 'favicon.ico',
    1 => NULL,
    2 => NULL,
  ),
)
[ info ] [ HEADER ] array (
  'cookie' => 'Hm_lvt_c4b4876c8706f4fb03f22ded226258e7=1533970909,1534064921,1534421580,1534507685; mp_03fa90796c1e92c9e169584be53098ea_mixpanel=%7B%22distinct_id%22%3A%20%221654c9f28ada4-007b343aefae54-6b1b1279-15f900-1654c9f28ae155%22%2C%22%24initial_referrer%22%3A%20%22%24direct%22%2C%22%24initial_referring_domain%22%3A%20%22%24direct%22%7D; __guid=187601784.2707749539805677600.1534607682438.6992; monitor_count=1; yjs_id=TW96aWxsYS81LjAgKFdpbmRvd3MgTlQgNi4xOyBXT1c2NCkgQXBwbGVXZWJLaXQvNTM3LjM2IChLSFRNTCwgbGlrZSBHZWNrbykgQ2hyb21lLzU1LjAuMjg4My44NyBTYWZhcmkvNTM3LjM2fGFwcC5kdXpoaXFpYW5nLmNvbXwxNTM0NjA3NjgyOTY5fA; ctrl_time=1',
  'accept-language' => 'zh-CN,zh;q=0.8',
  'accept-encoding' => 'gzip, deflate, sdch',
  'referer' => 'http://app.duzhiqiang.com/',
  'accept' => 'image/webp,image/*,*/*;q=0.8',
  'user-agent' => 'Mozilla/5.0 (Windows NT 6.1; WOW64) AppleWebKit/537.36 (KHTML, like Gecko) Chrome/55.0.2883.87 Safari/537.36',
  'connection' => 'keep-alive',
  'host' => 'app.duzhiqiang.com',
)
[ info ] [ PARAM ] array (
)
[ info ] [ LOG ] INIT File
---------------------------------------------------------------
[ 2018-08-18T23:54:48+08:00 ] 10.139.164.219 123.118.74.84 GET /login/login
[ info ] app.duzhiqiang.com/login/login [运行时间：0.022935s][吞吐率：43.60req/s] [内存消耗：1,961.98kb] [文件加载：50]
[ info ] [ LANG ] /www/wwwroot/app.duzhiqiang.com/thinkphp/lang/zh-cn.php
[ info ] [ ROUTE ] array (
  'type' => 'module',
  'module' => 
  array (
    0 => 'login',
    1 => 'login',
    2 => NULL,
  ),
)
[ info ] [ HEADER ] array (
  'cookie' => 'Hm_lvt_c4b4876c8706f4fb03f22ded226258e7=1533970909,1534064921,1534421580,1534507685; mp_03fa90796c1e92c9e169584be53098ea_mixpanel=%7B%22distinct_id%22%3A%20%221654c9f28ada4-007b343aefae54-6b1b1279-15f900-1654c9f28ae155%22%2C%22%24initial_referrer%22%3A%20%22%24direct%22%2C%22%24initial_referring_domain%22%3A%20%22%24direct%22%7D; __guid=187601784.2707749539805677600.1534607682438.6992; monitor_count=1; yjs_id=TW96aWxsYS81LjAgKFdpbmRvd3MgTlQgNi4xOyBXT1c2NCkgQXBwbGVXZWJLaXQvNTM3LjM2IChLSFRNTCwgbGlrZSBHZWNrbykgQ2hyb21lLzU1LjAuMjg4My44NyBTYWZhcmkvNTM3LjM2fGFwcC5kdXpoaXFpYW5nLmNvbXwxNTM0NjA3NjgyOTY5fA; ctrl_time=1',
  'accept-language' => 'zh-CN,zh;q=0.8',
  'accept-encoding' => 'gzip, deflate, sdch',
  'accept' => 'text/html,application/xhtml+xml,application/xml;q=0.9,image/webp,*/*;q=0.8',
  'user-agent' => 'Mozilla/5.0 (Windows NT 6.1; WOW64) AppleWebKit/537.36 (KHTML, like Gecko) Chrome/55.0.2883.87 Safari/537.36',
  'upgrade-insecure-requests' => '1',
  'connection' => 'keep-alive',
  'host' => 'app.duzhiqiang.com',
)
[ info ] [ PARAM ] array (
)
[ info ] [ RUN ] app\login\controller\Login->index[ /www/wwwroot/app.duzhiqiang.com/application/login/controller/Login.php ]
[ info ] [ VIEW ] /www/wwwroot/app.duzhiqiang.com/application/login/view/login/index.html [ array (
) ]
[ info ] [ LOG ] INIT File
---------------------------------------------------------------
[ 2018-08-18T23:54:57+08:00 ] 10.139.164.219 123.118.74.84 GET /login/login/index.html
[ info ] app.duzhiqiang.com/login/login/index.html [运行时间：0.022419s][吞吐率：44.61req/s] [内存消耗：1,816.13kb] [文件加载：48]
[ info ] [ LANG ] /www/wwwroot/app.duzhiqiang.com/thinkphp/lang/zh-cn.php
[ info ] [ ROUTE ] array (
  'type' => 'module',
  'module' => 
  array (
    0 => 'login',
    1 => 'login',
    2 => 'index',
  ),
)
[ info ] [ HEADER ] array (
  'cookie' => 'Hm_lvt_c4b4876c8706f4fb03f22ded226258e7=1533970909,1534064921,1534421580,1534507685; mp_03fa90796c1e92c9e169584be53098ea_mixpanel=%7B%22distinct_id%22%3A%20%221654c9f28ada4-007b343aefae54-6b1b1279-15f900-1654c9f28ae155%22%2C%22%24initial_referrer%22%3A%20%22%24direct%22%2C%22%24initial_referring_domain%22%3A%20%22%24direct%22%7D; __guid=187601784.2707749539805677600.1534607682438.6992; yjs_id=TW96aWxsYS81LjAgKFdpbmRvd3MgTlQgNi4xOyBXT1c2NCkgQXBwbGVXZWJLaXQvNTM3LjM2IChLSFRNTCwgbGlrZSBHZWNrbykgQ2hyb21lLzU1LjAuMjg4My44NyBTYWZhcmkvNTM3LjM2fGFwcC5kdXpoaXFpYW5nLmNvbXwxNTM0NjA3NjgyOTY5fA; ctrl_time=1; monitor_count=2',
  'accept-language' => 'zh-CN,zh;q=0.8',
  'accept-encoding' => 'gzip, deflate, sdch',
  'accept' => 'text/html,application/xhtml+xml,application/xml;q=0.9,image/webp,*/*;q=0.8',
  'user-agent' => 'Mozilla/5.0 (Windows NT 6.1; WOW64) AppleWebKit/537.36 (KHTML, like Gecko) Chrome/55.0.2883.87 Safari/537.36',
  'upgrade-insecure-requests' => '1',
  'connection' => 'keep-alive',
  'host' => 'app.duzhiqiang.com',
)
[ info ] [ PARAM ] array (
)
[ info ] [ RUN ] app\login\controller\Login->index[ /www/wwwroot/app.duzhiqiang.com/application/login/controller/Login.php ]
[ info ] [ VIEW ] /www/wwwroot/app.duzhiqiang.com/application/login/view/login/index.html [ array (
) ]
[ info ] [ LOG ] INIT File
---------------------------------------------------------------
[ 2018-08-18T23:54:59+08:00 ] 10.139.164.219 123.118.74.84 GET /favicon.ico
[ info ] app.duzhiqiang.com/favicon.ico [运行时间：0.017931s][吞吐率：55.77req/s] [内存消耗：1,430.71kb] [文件加载：40]
[ info ] [ LANG ] /www/wwwroot/app.duzhiqiang.com/thinkphp/lang/zh-cn.php
[ info ] [ ROUTE ] array (
  'type' => 'module',
  'module' => 
  array (
    0 => 'favicon.ico',
    1 => NULL,
    2 => NULL,
  ),
)
[ info ] [ HEADER ] array (
  'cookie' => 'Hm_lvt_c4b4876c8706f4fb03f22ded226258e7=1533970909,1534064921,1534421580,1534507685; mp_03fa90796c1e92c9e169584be53098ea_mixpanel=%7B%22distinct_id%22%3A%20%221654c9f28ada4-007b343aefae54-6b1b1279-15f900-1654c9f28ae155%22%2C%22%24initial_referrer%22%3A%20%22%24direct%22%2C%22%24initial_referring_domain%22%3A%20%22%24direct%22%7D; __guid=187601784.2707749539805677600.1534607682438.6992; yjs_id=TW96aWxsYS81LjAgKFdpbmRvd3MgTlQgNi4xOyBXT1c2NCkgQXBwbGVXZWJLaXQvNTM3LjM2IChLSFRNTCwgbGlrZSBHZWNrbykgQ2hyb21lLzU1LjAuMjg4My44NyBTYWZhcmkvNTM3LjM2fGFwcC5kdXpoaXFpYW5nLmNvbXwxNTM0NjA3NjgyOTY5fA; ctrl_time=1; monitor_count=3',
  'accept-language' => 'zh-CN,zh;q=0.8',
  'accept-encoding' => 'gzip, deflate, sdch',
  'user-agent' => 'Mozilla/5.0 (Windows NT 6.1; WOW64) AppleWebKit/537.36 (KHTML, like Gecko) Chrome/55.0.2883.87 Safari/537.36',
  'connection' => 'keep-alive',
  'host' => 'app.duzhiqiang.com',
)
[ info ] [ PARAM ] array (
)
[ info ] [ LOG ] INIT File
---------------------------------------------------------------
[ 2018-08-18T23:55:12+08:00 ] 10.139.164.219 123.118.74.84 POST /login/login/veify.html
[ info ] app.duzhiqiang.com/login/login/veify.html [运行时间：0.021504s][吞吐率：46.50req/s] [内存消耗：2,479.04kb] [文件加载：53]
[ info ] [ LANG ] /www/wwwroot/app.duzhiqiang.com/thinkphp/lang/zh-cn.php
[ info ] [ ROUTE ] array (
  'type' => 'module',
  'module' => 
  array (
    0 => 'login',
    1 => 'login',
    2 => 'veify',
  ),
)
[ info ] [ HEADER ] array (
  'cookie' => 'Hm_lvt_c4b4876c8706f4fb03f22ded226258e7=1533970909,1534064921,1534421580,1534507685; mp_03fa90796c1e92c9e169584be53098ea_mixpanel=%7B%22distinct_id%22%3A%20%221654c9f28ada4-007b343aefae54-6b1b1279-15f900-1654c9f28ae155%22%2C%22%24initial_referrer%22%3A%20%22%24direct%22%2C%22%24initial_referring_domain%22%3A%20%22%24direct%22%7D; __guid=187601784.2707749539805677600.1534607682438.6992; yjs_id=TW96aWxsYS81LjAgKFdpbmRvd3MgTlQgNi4xOyBXT1c2NCkgQXBwbGVXZWJLaXQvNTM3LjM2IChLSFRNTCwgbGlrZSBHZWNrbykgQ2hyb21lLzU1LjAuMjg4My44NyBTYWZhcmkvNTM3LjM2fGFwcC5kdXpoaXFpYW5nLmNvbXwxNTM0NjA3NjgyOTY5fA; ctrl_time=1; monitor_count=3',
  'accept-language' => 'zh-CN,zh;q=0.8',
  'accept-encoding' => 'gzip, deflate',
  'referer' => 'http://app.duzhiqiang.com/login/login/index.html',
  'user-agent' => 'Mozilla/5.0 (Windows NT 6.1; WOW64) AppleWebKit/537.36 (KHTML, like Gecko) Chrome/55.0.2883.87 Safari/537.36',
  'x-requested-with' => 'XMLHttpRequest',
  'origin' => 'http://app.duzhiqiang.com',
  'accept' => 'application/json, text/javascript, */*; q=0.01',
  'connection' => 'keep-alive',
  'host' => 'app.duzhiqiang.com',
  'content-type' => 'application/x-www-form-urlencoded; charset=UTF-8',
  'content-length' => '44',
)
[ info ] [ PARAM ] array (
  'do_login' => 'true',
  'username' => 'admin',
  'passwd' => 'admin321',
)
[ info ] [ RUN ] app\login\controller\Login->veify[ /www/wwwroot/app.duzhiqiang.com/application/login/controller/Login.php ]
[ info ] [ DB ] INIT mysql
[ info ] [ SESSION ] INIT array (
  'id' => '',
  'var_session_id' => '',
  'prefix' => 'think',
  'type' => '',
  'auto_start' => true,
)
[ info ] [ LOG ] INIT File
[ sql ] [ DB ] CONNECT:[ UseTime:0.000290s ] mysql:dbname=app_duzhiqiang_;host=localhost;port=3306;charset=utf8
[ sql ] [ SQL ] SHOW COLUMNS FROM `ap_user` [ RunTime:0.000688s ]
[ sql ] [ SQL ] SELECT * FROM `ap_user` WHERE  (  username="admin" and password ="e64e73894edc81727cc11803027d148a" and status =1 and (power =1 or power=0) ) LIMIT 1 [ RunTime:0.000301s ]
---------------------------------------------------------------
[ 2018-08-18T23:55:12+08:00 ] 10.139.164.219 123.118.74.84 GET /index/index/index.html
[ info ] app.duzhiqiang.com/index/index/index.html [运行时间：0.028852s][吞吐率：34.66req/s] [内存消耗：2,590.02kb] [文件加载：56]
[ info ] [ LANG ] /www/wwwroot/app.duzhiqiang.com/thinkphp/lang/zh-cn.php
[ info ] [ ROUTE ] array (
  'type' => 'module',
  'module' => 
  array (
    0 => 'index',
    1 => 'index',
    2 => 'index',
  ),
)
[ info ] [ HEADER ] array (
  'cookie' => 'Hm_lvt_c4b4876c8706f4fb03f22ded226258e7=1533970909,1534064921,1534421580,1534507685; mp_03fa90796c1e92c9e169584be53098ea_mixpanel=%7B%22distinct_id%22%3A%20%221654c9f28ada4-007b343aefae54-6b1b1279-15f900-1654c9f28ae155%22%2C%22%24initial_referrer%22%3A%20%22%24direct%22%2C%22%24initial_referring_domain%22%3A%20%22%24direct%22%7D; __guid=187601784.2707749539805677600.1534607682438.6992; yjs_id=TW96aWxsYS81LjAgKFdpbmRvd3MgTlQgNi4xOyBXT1c2NCkgQXBwbGVXZWJLaXQvNTM3LjM2IChLSFRNTCwgbGlrZSBHZWNrbykgQ2hyb21lLzU1LjAuMjg4My44NyBTYWZhcmkvNTM3LjM2fGFwcC5kdXpoaXFpYW5nLmNvbXwxNTM0NjA3NjgyOTY5fA; ctrl_time=1; monitor_count=3; PHPSESSID=ss7si5mo0f1fsqdv68datppmbf',
  'accept-language' => 'zh-CN,zh;q=0.8',
  'accept-encoding' => 'gzip, deflate, sdch',
  'referer' => 'http://app.duzhiqiang.com/login/login/index.html',
  'accept' => 'text/html,application/xhtml+xml,application/xml;q=0.9,image/webp,*/*;q=0.8',
  'user-agent' => 'Mozilla/5.0 (Windows NT 6.1; WOW64) AppleWebKit/537.36 (KHTML, like Gecko) Chrome/55.0.2883.87 Safari/537.36',
  'upgrade-insecure-requests' => '1',
  'connection' => 'keep-alive',
  'host' => 'app.duzhiqiang.com',
)
[ info ] [ PARAM ] array (
)
[ info ] [ SESSION ] INIT array (
  'id' => '',
  'var_session_id' => '',
  'prefix' => 'think',
  'type' => '',
  'auto_start' => true,
)
[ info ] [ RUN ] app\index\controller\Index->index[ /www/wwwroot/app.duzhiqiang.com/application/index/controller/Index.php ]
[ info ] [ DB ] INIT mysql
[ info ] [ VIEW ] /www/wwwroot/app.duzhiqiang.com/application/index/view/index/index.html [ array (
  0 => 'fcount',
  1 => 'mcount',
  2 => 'tzcount',
  3 => 'dcount',
  4 => 'ycount',
) ]
[ info ] [ LOG ] INIT File
[ sql ] [ DB ] CONNECT:[ UseTime:0.000238s ] mysql:dbname=app_duzhiqiang_;host=localhost;port=3306;charset=utf8
[ sql ] [ SQL ] SHOW COLUMNS FROM `ap_user` [ RunTime:0.000688s ]
[ sql ] [ SQL ] SELECT COUNT(*) AS tp_count FROM `ap_user` WHERE  (  (power = 1 or power =2) and logintime >1534521600 ) LIMIT 1 [ RunTime:0.000580s ]
[ sql ] [ SQL ] SELECT COUNT(*) AS tp_count FROM `ap_user` WHERE  (  power = 1 ) LIMIT 1 [ RunTime:0.000439s ]
[ sql ] [ SQL ] SELECT COUNT(*) AS tp_count FROM `ap_user` WHERE  (  power = 2 ) LIMIT 1 [ RunTime:0.000411s ]
[ sql ] [ SQL ] SELECT COUNT(*) AS tp_count FROM `ap_user` `u` RIGHT JOIN `ap_timelog` `t` ON `t`.`cid`=`u`.`id` WHERE  (  u.power=2 ) LIMIT 1 [ RunTime:0.000547s ]
[ sql ] [ SQL ] SELECT `username` FROM `ap_user` WHERE  `id` = 1 LIMIT 1 [ RunTime:0.000217s ]
---------------------------------------------------------------
[ 2018-08-18T23:55:16+08:00 ] 10.139.164.219 123.118.74.84 GET /index/index/index.html
[ info ] app.duzhiqiang.com/index/index/index.html [运行时间：0.024911s][吞吐率：40.14req/s] [内存消耗：2,416.13kb] [文件加载：54]
[ info ] [ LANG ] /www/wwwroot/app.duzhiqiang.com/thinkphp/lang/zh-cn.php
[ info ] [ ROUTE ] array (
  'type' => 'module',
  'module' => 
  array (
    0 => 'index',
    1 => 'index',
    2 => 'index',
  ),
)
[ info ] [ HEADER ] array (
  'cookie' => 'Hm_lvt_c4b4876c8706f4fb03f22ded226258e7=1533970909,1534064921,1534421580,1534507685; mp_03fa90796c1e92c9e169584be53098ea_mixpanel=%7B%22distinct_id%22%3A%20%221654c9f28ada4-007b343aefae54-6b1b1279-15f900-1654c9f28ae155%22%2C%22%24initial_referrer%22%3A%20%22%24direct%22%2C%22%24initial_referring_domain%22%3A%20%22%24direct%22%7D; __guid=187601784.2707749539805677600.1534607682438.6992; yjs_id=TW96aWxsYS81LjAgKFdpbmRvd3MgTlQgNi4xOyBXT1c2NCkgQXBwbGVXZWJLaXQvNTM3LjM2IChLSFRNTCwgbGlrZSBHZWNrbykgQ2hyb21lLzU1LjAuMjg4My44NyBTYWZhcmkvNTM3LjM2fGFwcC5kdXpoaXFpYW5nLmNvbXwxNTM0NjA3NjgyOTY5fA; ctrl_time=1; PHPSESSID=ss7si5mo0f1fsqdv68datppmbf; monitor_count=4',
  'accept-language' => 'zh-CN,zh;q=0.8',
  'accept-encoding' => 'gzip, deflate, sdch',
  'referer' => 'http://app.duzhiqiang.com/index/index/index.html',
  'accept' => 'text/html,application/xhtml+xml,application/xml;q=0.9,image/webp,*/*;q=0.8',
  'user-agent' => 'Mozilla/5.0 (Windows NT 6.1; WOW64) AppleWebKit/537.36 (KHTML, like Gecko) Chrome/55.0.2883.87 Safari/537.36',
  'upgrade-insecure-requests' => '1',
  'connection' => 'keep-alive',
  'host' => 'app.duzhiqiang.com',
)
[ info ] [ PARAM ] array (
)
[ info ] [ SESSION ] INIT array (
  'id' => '',
  'var_session_id' => '',
  'prefix' => 'think',
  'type' => '',
  'auto_start' => true,
)
[ info ] [ RUN ] app\index\controller\Index->index[ /www/wwwroot/app.duzhiqiang.com/application/index/controller/Index.php ]
[ info ] [ DB ] INIT mysql
[ info ] [ VIEW ] /www/wwwroot/app.duzhiqiang.com/application/index/view/index/index.html [ array (
  0 => 'fcount',
  1 => 'mcount',
  2 => 'tzcount',
  3 => 'dcount',
  4 => 'ycount',
) ]
[ info ] [ LOG ] INIT File
[ sql ] [ DB ] CONNECT:[ UseTime:0.000258s ] mysql:dbname=app_duzhiqiang_;host=localhost;port=3306;charset=utf8
[ sql ] [ SQL ] SHOW COLUMNS FROM `ap_user` [ RunTime:0.000718s ]
[ sql ] [ SQL ] SELECT COUNT(*) AS tp_count FROM `ap_user` WHERE  (  (power = 1 or power =2) and logintime >1534521600 ) LIMIT 1 [ RunTime:0.000163s ]
[ sql ] [ SQL ] SELECT COUNT(*) AS tp_count FROM `ap_user` WHERE  (  power = 1 ) LIMIT 1 [ RunTime:0.000098s ]
[ sql ] [ SQL ] SELECT COUNT(*) AS tp_count FROM `ap_user` WHERE  (  power = 2 ) LIMIT 1 [ RunTime:0.000096s ]
[ sql ] [ SQL ] SELECT COUNT(*) AS tp_count FROM `ap_user` `u` RIGHT JOIN `ap_timelog` `t` ON `t`.`cid`=`u`.`id` WHERE  (  u.power=2 ) LIMIT 1 [ RunTime:0.000105s ]
[ sql ] [ SQL ] SELECT `username` FROM `ap_user` WHERE  `id` = 1 LIMIT 1 [ RunTime:0.000137s ]
---------------------------------------------------------------
[ 2018-08-18T23:55:23+08:00 ] 10.139.164.219 123.118.74.84 GET /index/dianka/index.html
[ info ] app.duzhiqiang.com/index/dianka/index.html [运行时间：0.028534s][吞吐率：35.05req/s] [内存消耗：2,587.06kb] [文件加载：56]
[ info ] [ LANG ] /www/wwwroot/app.duzhiqiang.com/thinkphp/lang/zh-cn.php
[ info ] [ ROUTE ] array (
  'type' => 'module',
  'module' => 
  array (
    0 => 'index',
    1 => 'dianka',
    2 => 'index',
  ),
)
[ info ] [ HEADER ] array (
  'cookie' => 'Hm_lvt_c4b4876c8706f4fb03f22ded226258e7=1533970909,1534064921,1534421580,1534507685; mp_03fa90796c1e92c9e169584be53098ea_mixpanel=%7B%22distinct_id%22%3A%20%221654c9f28ada4-007b343aefae54-6b1b1279-15f900-1654c9f28ae155%22%2C%22%24initial_referrer%22%3A%20%22%24direct%22%2C%22%24initial_referring_domain%22%3A%20%22%24direct%22%7D; __guid=187601784.2707749539805677600.1534607682438.6992; yjs_id=TW96aWxsYS81LjAgKFdpbmRvd3MgTlQgNi4xOyBXT1c2NCkgQXBwbGVXZWJLaXQvNTM3LjM2IChLSFRNTCwgbGlrZSBHZWNrbykgQ2hyb21lLzU1LjAuMjg4My44NyBTYWZhcmkvNTM3LjM2fGFwcC5kdXpoaXFpYW5nLmNvbXwxNTM0NjA3NjgyOTY5fA; ctrl_time=1; PHPSESSID=ss7si5mo0f1fsqdv68datppmbf; monitor_count=5',
  'accept-language' => 'zh-CN,zh;q=0.8',
  'accept-encoding' => 'gzip, deflate, sdch',
  'referer' => 'http://app.duzhiqiang.com/index/index/index.html',
  'accept' => 'text/html,application/xhtml+xml,application/xml;q=0.9,image/webp,*/*;q=0.8',
  'user-agent' => 'Mozilla/5.0 (Windows NT 6.1; WOW64) AppleWebKit/537.36 (KHTML, like Gecko) Chrome/55.0.2883.87 Safari/537.36',
  'upgrade-insecure-requests' => '1',
  'connection' => 'keep-alive',
  'host' => 'app.duzhiqiang.com',
)
[ info ] [ PARAM ] array (
)
[ info ] [ SESSION ] INIT array (
  'id' => '',
  'var_session_id' => '',
  'prefix' => 'think',
  'type' => '',
  'auto_start' => true,
)
[ info ] [ RUN ] app\index\controller\Dianka->index[ /www/wwwroot/app.duzhiqiang.com/application/index/controller/Dianka.php ]
[ info ] [ VIEW ] /www/wwwroot/app.duzhiqiang.com/application/index/view/dianka/index.html [ array (
  0 => 'dian',
) ]
[ info ] [ DB ] INIT mysql
[ info ] [ LOG ] INIT File
[ sql ] [ DB ] CONNECT:[ UseTime:0.000334s ] mysql:dbname=app_duzhiqiang_;host=localhost;port=3306;charset=utf8
[ sql ] [ SQL ] SHOW COLUMNS FROM `ap_user` [ RunTime:0.000953s ]
[ sql ] [ SQL ] SELECT `username` FROM `ap_user` WHERE  `id` = 1 LIMIT 1 [ RunTime:0.000180s ]
---------------------------------------------------------------
[ 2018-08-18T23:55:36+08:00 ] 10.139.164.219 123.118.74.84 GET /index/user/paylog.html
[ info ] app.duzhiqiang.com/index/user/paylog.html [运行时间：0.029710s][吞吐率：33.66req/s] [内存消耗：2,797.20kb] [文件加载：59]
[ info ] [ LANG ] /www/wwwroot/app.duzhiqiang.com/thinkphp/lang/zh-cn.php
[ info ] [ ROUTE ] array (
  'type' => 'module',
  'module' => 
  array (
    0 => 'index',
    1 => 'user',
    2 => 'paylog',
  ),
)
[ info ] [ HEADER ] array (
  'cookie' => 'Hm_lvt_c4b4876c8706f4fb03f22ded226258e7=1533970909,1534064921,1534421580,1534507685; mp_03fa90796c1e92c9e169584be53098ea_mixpanel=%7B%22distinct_id%22%3A%20%221654c9f28ada4-007b343aefae54-6b1b1279-15f900-1654c9f28ae155%22%2C%22%24initial_referrer%22%3A%20%22%24direct%22%2C%22%24initial_referring_domain%22%3A%20%22%24direct%22%7D; __guid=187601784.2707749539805677600.1534607682438.6992; yjs_id=TW96aWxsYS81LjAgKFdpbmRvd3MgTlQgNi4xOyBXT1c2NCkgQXBwbGVXZWJLaXQvNTM3LjM2IChLSFRNTCwgbGlrZSBHZWNrbykgQ2hyb21lLzU1LjAuMjg4My44NyBTYWZhcmkvNTM3LjM2fGFwcC5kdXpoaXFpYW5nLmNvbXwxNTM0NjA3NjgyOTY5fA; ctrl_time=1; PHPSESSID=ss7si5mo0f1fsqdv68datppmbf; monitor_count=6',
  'accept-language' => 'zh-CN,zh;q=0.8',
  'accept-encoding' => 'gzip, deflate, sdch',
  'referer' => 'http://app.duzhiqiang.com/index/dianka/index.html',
  'accept' => 'text/html,application/xhtml+xml,application/xml;q=0.9,image/webp,*/*;q=0.8',
  'user-agent' => 'Mozilla/5.0 (Windows NT 6.1; WOW64) AppleWebKit/537.36 (KHTML, like Gecko) Chrome/55.0.2883.87 Safari/537.36',
  'upgrade-insecure-requests' => '1',
  'connection' => 'keep-alive',
  'host' => 'app.duzhiqiang.com',
)
[ info ] [ PARAM ] array (
)
[ info ] [ SESSION ] INIT array (
  'id' => '',
  'var_session_id' => '',
  'prefix' => 'think',
  'type' => '',
  'auto_start' => true,
)
[ info ] [ RUN ] app\index\controller\User->paylog[ /www/wwwroot/app.duzhiqiang.com/application/index/controller/User.php ]
[ info ] [ DB ] INIT mysql
[ info ] [ VIEW ] /www/wwwroot/app.duzhiqiang.com/application/index/view/user/paylog.html [ array (
  0 => 'list',
) ]
[ info ] [ LOG ] INIT File
[ sql ] [ DB ] CONNECT:[ UseTime:0.000199s ] mysql:dbname=app_duzhiqiang_;host=localhost;port=3306;charset=utf8
[ sql ] [ SQL ] SHOW COLUMNS FROM `ap_pay` [ RunTime:0.000657s ]
[ sql ] [ SQL ] SELECT COUNT(*) AS tp_count FROM `ap_pay` WHERE  (  id>0  ) LIMIT 1 [ RunTime:0.000220s ]
[ sql ] [ SQL ] SELECT * FROM `ap_pay` WHERE  (  id>0  ) ORDER BY `time`  desc LIMIT 0,10 [ RunTime:0.000244s ]
[ sql ] [ SQL ] SHOW COLUMNS FROM `ap_user` [ RunTime:0.000696s ]
[ sql ] [ SQL ] SELECT `username` FROM `ap_user` WHERE  `id` = 1 LIMIT 1 [ RunTime:0.000124s ]
[ sql ] [ SQL ] SELECT `username` FROM `ap_user` WHERE  `id` = 825 LIMIT 1 [ RunTime:0.000440s ]
[ sql ] [ SQL ] SELECT `username` FROM `ap_user` WHERE  `id` = 0 LIMIT 1 [ RunTime:0.000431s ]
---------------------------------------------------------------
[ 2018-08-18T23:55:43+08:00 ] 10.139.164.219 123.118.74.84 GET /index/banner/index.html
[ info ] app.duzhiqiang.com/index/banner/index.html [运行时间：0.028269s][吞吐率：35.37req/s] [内存消耗：2,673.01kb] [文件加载：59]
[ info ] [ LANG ] /www/wwwroot/app.duzhiqiang.com/thinkphp/lang/zh-cn.php
[ info ] [ ROUTE ] array (
  'type' => 'module',
  'module' => 
  array (
    0 => 'index',
    1 => 'banner',
    2 => 'index',
  ),
)
[ info ] [ HEADER ] array (
  'cookie' => 'Hm_lvt_c4b4876c8706f4fb03f22ded226258e7=1533970909,1534064921,1534421580,1534507685; mp_03fa90796c1e92c9e169584be53098ea_mixpanel=%7B%22distinct_id%22%3A%20%221654c9f28ada4-007b343aefae54-6b1b1279-15f900-1654c9f28ae155%22%2C%22%24initial_referrer%22%3A%20%22%24direct%22%2C%22%24initial_referring_domain%22%3A%20%22%24direct%22%7D; __guid=187601784.2707749539805677600.1534607682438.6992; yjs_id=TW96aWxsYS81LjAgKFdpbmRvd3MgTlQgNi4xOyBXT1c2NCkgQXBwbGVXZWJLaXQvNTM3LjM2IChLSFRNTCwgbGlrZSBHZWNrbykgQ2hyb21lLzU1LjAuMjg4My44NyBTYWZhcmkvNTM3LjM2fGFwcC5kdXpoaXFpYW5nLmNvbXwxNTM0NjA3NjgyOTY5fA; ctrl_time=1; PHPSESSID=ss7si5mo0f1fsqdv68datppmbf; monitor_count=7',
  'accept-language' => 'zh-CN,zh;q=0.8',
  'accept-encoding' => 'gzip, deflate, sdch',
  'referer' => 'http://app.duzhiqiang.com/index/user/paylog.html',
  'accept' => 'text/html,application/xhtml+xml,application/xml;q=0.9,image/webp,*/*;q=0.8',
  'user-agent' => 'Mozilla/5.0 (Windows NT 6.1; WOW64) AppleWebKit/537.36 (KHTML, like Gecko) Chrome/55.0.2883.87 Safari/537.36',
  'upgrade-insecure-requests' => '1',
  'connection' => 'keep-alive',
  'host' => 'app.duzhiqiang.com',
)
[ info ] [ PARAM ] array (
)
[ info ] [ SESSION ] INIT array (
  'id' => '',
  'var_session_id' => '',
  'prefix' => 'think',
  'type' => '',
  'auto_start' => true,
)
[ info ] [ RUN ] app\index\controller\Banner->index[ /www/wwwroot/app.duzhiqiang.com/application/index/controller/Banner.php ]
[ info ] [ DB ] INIT mysql
[ info ] [ VIEW ] /www/wwwroot/app.duzhiqiang.com/application/index/view/banner/index.html [ array (
  0 => 'msg',
  1 => 'list',
  2 => 'code',
) ]
[ info ] [ LOG ] INIT File
[ sql ] [ DB ] CONNECT:[ UseTime:0.000199s ] mysql:dbname=app_duzhiqiang_;host=localhost;port=3306;charset=utf8
[ sql ] [ SQL ] SHOW COLUMNS FROM `ap_banner` [ RunTime:0.000638s ]
[ sql ] [ SQL ] SELECT COUNT(*) AS tp_count FROM `ap_banner` LIMIT 1 [ RunTime:0.000216s ]
[ sql ] [ SQL ] SELECT * FROM `ap_banner` ORDER BY id desc LIMIT 0,10 [ RunTime:0.000157s ]
[ sql ] [ SQL ] SHOW COLUMNS FROM `ap_user` [ RunTime:0.000643s ]
[ sql ] [ SQL ] SELECT `username` FROM `ap_user` WHERE  `id` = 1 LIMIT 1 [ RunTime:0.000136s ]
---------------------------------------------------------------
[ 2018-08-18T23:55:56+08:00 ] 10.139.164.219 123.118.74.84 GET /index/vip/advert.html
[ info ] app.duzhiqiang.com/index/vip/advert.html [运行时间：0.030363s][吞吐率：32.93req/s] [内存消耗：2,678.84kb] [文件加载：56]
[ info ] [ LANG ] /www/wwwroot/app.duzhiqiang.com/thinkphp/lang/zh-cn.php
[ info ] [ ROUTE ] array (
  'type' => 'module',
  'module' => 
  array (
    0 => 'index',
    1 => 'vip',
    2 => 'advert',
  ),
)
[ info ] [ HEADER ] array (
  'cookie' => 'Hm_lvt_c4b4876c8706f4fb03f22ded226258e7=1533970909,1534064921,1534421580,1534507685; mp_03fa90796c1e92c9e169584be53098ea_mixpanel=%7B%22distinct_id%22%3A%20%221654c9f28ada4-007b343aefae54-6b1b1279-15f900-1654c9f28ae155%22%2C%22%24initial_referrer%22%3A%20%22%24direct%22%2C%22%24initial_referring_domain%22%3A%20%22%24direct%22%7D; __guid=187601784.2707749539805677600.1534607682438.6992; yjs_id=TW96aWxsYS81LjAgKFdpbmRvd3MgTlQgNi4xOyBXT1c2NCkgQXBwbGVXZWJLaXQvNTM3LjM2IChLSFRNTCwgbGlrZSBHZWNrbykgQ2hyb21lLzU1LjAuMjg4My44NyBTYWZhcmkvNTM3LjM2fGFwcC5kdXpoaXFpYW5nLmNvbXwxNTM0NjA3NjgyOTY5fA; ctrl_time=1; PHPSESSID=ss7si5mo0f1fsqdv68datppmbf; monitor_count=8',
  'accept-language' => 'zh-CN,zh;q=0.8',
  'accept-encoding' => 'gzip, deflate, sdch',
  'referer' => 'http://app.duzhiqiang.com/index/banner/index.html',
  'accept' => 'text/html,application/xhtml+xml,application/xml;q=0.9,image/webp,*/*;q=0.8',
  'user-agent' => 'Mozilla/5.0 (Windows NT 6.1; WOW64) AppleWebKit/537.36 (KHTML, like Gecko) Chrome/55.0.2883.87 Safari/537.36',
  'upgrade-insecure-requests' => '1',
  'connection' => 'keep-alive',
  'host' => 'app.duzhiqiang.com',
)
[ info ] [ PARAM ] array (
)
[ info ] [ SESSION ] INIT array (
  'id' => '',
  'var_session_id' => '',
  'prefix' => 'think',
  'type' => '',
  'auto_start' => true,
)
[ info ] [ RUN ] app\index\controller\Vip->advert[ /www/wwwroot/app.duzhiqiang.com/application/index/controller/Vip.php ]
[ info ] [ VIEW ] /www/wwwroot/app.duzhiqiang.com/application/index/view/vip/advert.html [ array (
  0 => 'code',
) ]
[ info ] [ DB ] INIT mysql
[ info ] [ LOG ] INIT File
[ sql ] [ DB ] CONNECT:[ UseTime:0.000194s ] mysql:dbname=app_duzhiqiang_;host=localhost;port=3306;charset=utf8
[ sql ] [ SQL ] SHOW COLUMNS FROM `ap_user` [ RunTime:0.000710s ]
[ sql ] [ SQL ] SELECT `username` FROM `ap_user` WHERE  `id` = 1 LIMIT 1 [ RunTime:0.000129s ]
[ sql ] [ SQL ] SHOW COLUMNS FROM `ap_advert` [ RunTime:0.000431s ]
[ sql ] [ SQL ] SELECT `content` FROM `ap_advert` WHERE  `id` = 1 LIMIT 1 [ RunTime:0.000184s ]
[ sql ] [ SQL ] SELECT `content` FROM `ap_advert` WHERE  `id` = 7 LIMIT 1 [ RunTime:0.000163s ]
[ sql ] [ SQL ] SELECT `content` FROM `ap_advert` WHERE  `id` = 13 LIMIT 1 [ RunTime:0.000148s ]
[ sql ] [ SQL ] SELECT `content` FROM `ap_advert` WHERE  `id` = 2 LIMIT 1 [ RunTime:0.000139s ]
[ sql ] [ SQL ] SELECT `content` FROM `ap_advert` WHERE  `id` = 3 LIMIT 1 [ RunTime:0.000133s ]
[ sql ] [ SQL ] SELECT `content` FROM `ap_advert` WHERE  `id` = 14 LIMIT 1 [ RunTime:0.000129s ]
[ sql ] [ SQL ] SELECT `content` FROM `ap_advert` WHERE  `id` = 15 LIMIT 1 [ RunTime:0.000148s ]
[ sql ] [ SQL ] SELECT `content` FROM `ap_advert` WHERE  `id` = 16 LIMIT 1 [ RunTime:0.000129s ]
[ sql ] [ SQL ] SELECT `content` FROM `ap_advert` WHERE  `id` = 17 LIMIT 1 [ RunTime:0.000131s ]
[ sql ] [ SQL ] SELECT `content` FROM `ap_advert` WHERE  `id` = 4 LIMIT 1 [ RunTime:0.000130s ]
[ sql ] [ SQL ] SELECT `content` FROM `ap_advert` WHERE  `id` = 5 LIMIT 1 [ RunTime:0.000124s ]
[ sql ] [ SQL ] SELECT `content` FROM `ap_advert` WHERE  `id` = 6 LIMIT 1 [ RunTime:0.000177s ]
[ sql ] [ SQL ] SELECT `content` FROM `ap_advert` WHERE  `id` = 8 LIMIT 1 [ RunTime:0.000174s ]
[ sql ] [ SQL ] SELECT `content` FROM `ap_advert` WHERE  `id` = 9 LIMIT 1 [ RunTime:0.000167s ]
[ sql ] [ SQL ] SELECT `content` FROM `ap_advert` WHERE  `id` = 10 LIMIT 1 [ RunTime:0.000135s ]
[ sql ] [ SQL ] SELECT `content` FROM `ap_advert` WHERE  `id` = 11 LIMIT 1 [ RunTime:0.000178s ]
[ sql ] [ SQL ] SELECT `content` FROM `ap_advert` WHERE  `id` = 12 LIMIT 1 [ RunTime:0.000132s ]
---------------------------------------------------------------
[ 2018-08-18T23:56:36+08:00 ] 10.139.164.219 123.118.74.84 GET /index/user/index.html
[ info ] app.duzhiqiang.com/index/user/index.html [运行时间：0.043880s][吞吐率：22.79req/s] [内存消耗：2,924.48kb] [文件加载：59]
[ info ] [ LANG ] /www/wwwroot/app.duzhiqiang.com/thinkphp/lang/zh-cn.php
[ info ] [ ROUTE ] array (
  'type' => 'module',
  'module' => 
  array (
    0 => 'index',
    1 => 'user',
    2 => 'index',
  ),
)
[ info ] [ HEADER ] array (
  'cookie' => 'Hm_lvt_c4b4876c8706f4fb03f22ded226258e7=1533970909,1534064921,1534421580,1534507685; mp_03fa90796c1e92c9e169584be53098ea_mixpanel=%7B%22distinct_id%22%3A%20%221654c9f28ada4-007b343aefae54-6b1b1279-15f900-1654c9f28ae155%22%2C%22%24initial_referrer%22%3A%20%22%24direct%22%2C%22%24initial_referring_domain%22%3A%20%22%24direct%22%7D; __guid=187601784.2707749539805677600.1534607682438.6992; yjs_id=TW96aWxsYS81LjAgKFdpbmRvd3MgTlQgNi4xOyBXT1c2NCkgQXBwbGVXZWJLaXQvNTM3LjM2IChLSFRNTCwgbGlrZSBHZWNrbykgQ2hyb21lLzU1LjAuMjg4My44NyBTYWZhcmkvNTM3LjM2fGFwcC5kdXpoaXFpYW5nLmNvbXwxNTM0NjA3NjgyOTY5fA; ctrl_time=1; PHPSESSID=ss7si5mo0f1fsqdv68datppmbf; monitor_count=9',
  'accept-language' => 'zh-CN,zh;q=0.8',
  'accept-encoding' => 'gzip, deflate, sdch',
  'referer' => 'http://app.duzhiqiang.com/index/vip/advert.html',
  'accept' => 'text/html,application/xhtml+xml,application/xml;q=0.9,image/webp,*/*;q=0.8',
  'user-agent' => 'Mozilla/5.0 (Windows NT 6.1; WOW64) AppleWebKit/537.36 (KHTML, like Gecko) Chrome/55.0.2883.87 Safari/537.36',
  'upgrade-insecure-requests' => '1',
  'connection' => 'keep-alive',
  'host' => 'app.duzhiqiang.com',
)
[ info ] [ PARAM ] array (
)
[ info ] [ SESSION ] INIT array (
  'id' => '',
  'var_session_id' => '',
  'prefix' => 'think',
  'type' => '',
  'auto_start' => true,
)
[ info ] [ RUN ] app\index\controller\User->index[ /www/wwwroot/app.duzhiqiang.com/application/index/controller/User.php ]
[ info ] [ DB ] INIT mysql
[ info ] [ VIEW ] /www/wwwroot/app.duzhiqiang.com/application/index/view/user/index.html [ array (
  0 => 'parentid',
  1 => 'list',
  2 => 'code',
) ]
[ info ] [ LOG ] INIT File
[ sql ] [ DB ] CONNECT:[ UseTime:0.000197s ] mysql:dbname=app_duzhiqiang_;host=localhost;port=3306;charset=utf8
[ sql ] [ SQL ] SHOW COLUMNS FROM `ap_user` [ RunTime:0.000692s ]
[ sql ] [ SQL ] SELECT COUNT(*) AS tp_count FROM `ap_user` WHERE  (  power = 1 ) LIMIT 1 [ RunTime:0.000122s ]
[ sql ] [ SQL ] SELECT * FROM `ap_user` WHERE  (  power = 1 ) ORDER BY id desc LIMIT 0,10 [ RunTime:0.000624s ]
[ sql ] [ SQL ] SELECT `username` FROM `ap_user` WHERE  `id` = 1 LIMIT 1 [ RunTime:0.000179s ]
[ sql ] [ SQL ] SELECT COUNT(*) AS tp_count FROM `ap_user` WHERE  `parentid` = 232  AND `power` = '1' LIMIT 1 [ RunTime:0.000479s ]
[ sql ] [ SQL ] SELECT COUNT(*) AS tp_count FROM `ap_user` WHERE  `parentid` = 232  AND `power` = '2' LIMIT 1 [ RunTime:0.000445s ]
[ sql ] [ SQL ] SELECT COUNT(*) AS tp_count FROM `ap_user` WHERE  `parentid` = 200  AND `power` = '1' LIMIT 1 [ RunTime:0.000415s ]
[ sql ] [ SQL ] SELECT COUNT(*) AS tp_count FROM `ap_user` WHERE  `parentid` = 200  AND `power` = '2' LIMIT 1 [ RunTime:0.000431s ]
[ sql ] [ SQL ] SELECT COUNT(*) AS tp_count FROM `ap_user` WHERE  `parentid` = 197  AND `power` = '1' LIMIT 1 [ RunTime:0.000429s ]
[ sql ] [ SQL ] SELECT COUNT(*) AS tp_count FROM `ap_user` WHERE  `parentid` = 197  AND `power` = '2' LIMIT 1 [ RunTime:0.000435s ]
[ sql ] [ SQL ] SELECT COUNT(*) AS tp_count FROM `ap_user` WHERE  `parentid` = 196  AND `power` = '1' LIMIT 1 [ RunTime:0.000444s ]
[ sql ] [ SQL ] SELECT COUNT(*) AS tp_count FROM `ap_user` WHERE  `parentid` = 196  AND `power` = '2' LIMIT 1 [ RunTime:0.000426s ]
[ sql ] [ SQL ] SELECT COUNT(*) AS tp_count FROM `ap_user` WHERE  `parentid` = 195  AND `power` = '1' LIMIT 1 [ RunTime:0.000486s ]
[ sql ] [ SQL ] SELECT COUNT(*) AS tp_count FROM `ap_user` WHERE  `parentid` = 195  AND `power` = '2' LIMIT 1 [ RunTime:0.000425s ]
[ sql ] [ SQL ] SELECT COUNT(*) AS tp_count FROM `ap_user` WHERE  `parentid` = 194  AND `power` = '1' LIMIT 1 [ RunTime:0.000451s ]
[ sql ] [ SQL ] SELECT COUNT(*) AS tp_count FROM `ap_user` WHERE  `parentid` = 194  AND `power` = '2' LIMIT 1 [ RunTime:0.000407s ]
[ sql ] [ SQL ] SELECT COUNT(*) AS tp_count FROM `ap_user` WHERE  `parentid` = 193  AND `power` = '1' LIMIT 1 [ RunTime:0.000463s ]
[ sql ] [ SQL ] SELECT COUNT(*) AS tp_count FROM `ap_user` WHERE  `parentid` = 193  AND `power` = '2' LIMIT 1 [ RunTime:0.000434s ]
[ sql ] [ SQL ] SELECT COUNT(*) AS tp_count FROM `ap_user` WHERE  `parentid` = 192  AND `power` = '1' LIMIT 1 [ RunTime:0.000419s ]
[ sql ] [ SQL ] SELECT COUNT(*) AS tp_count FROM `ap_user` WHERE  `parentid` = 192  AND `power` = '2' LIMIT 1 [ RunTime:0.000515s ]
[ sql ] [ SQL ] SELECT COUNT(*) AS tp_count FROM `ap_user` WHERE  `parentid` = 190  AND `power` = '1' LIMIT 1 [ RunTime:0.000424s ]
[ sql ] [ SQL ] SELECT COUNT(*) AS tp_count FROM `ap_user` WHERE  `parentid` = 190  AND `power` = '2' LIMIT 1 [ RunTime:0.000443s ]
[ sql ] [ SQL ] SELECT COUNT(*) AS tp_count FROM `ap_user` WHERE  `parentid` = 189  AND `power` = '1' LIMIT 1 [ RunTime:0.000424s ]
[ sql ] [ SQL ] SELECT COUNT(*) AS tp_count FROM `ap_user` WHERE  `parentid` = 189  AND `power` = '2' LIMIT 1 [ RunTime:0.000422s ]
---------------------------------------------------------------
[ 2018-08-18T23:57:16+08:00 ] 10.139.164.219 123.118.74.84 GET /index/user/daoqi.html
[ info ] app.duzhiqiang.com/index/user/daoqi.html [运行时间：0.031218s][吞吐率：32.03req/s] [内存消耗：2,789.41kb] [文件加载：59]
[ info ] [ LANG ] /www/wwwroot/app.duzhiqiang.com/thinkphp/lang/zh-cn.php
[ info ] [ ROUTE ] array (
  'type' => 'module',
  'module' => 
  array (
    0 => 'index',
    1 => 'user',
    2 => 'daoqi',
  ),
)
[ info ] [ HEADER ] array (
  'cookie' => 'Hm_lvt_c4b4876c8706f4fb03f22ded226258e7=1533970909,1534064921,1534421580,1534507685; mp_03fa90796c1e92c9e169584be53098ea_mixpanel=%7B%22distinct_id%22%3A%20%221654c9f28ada4-007b343aefae54-6b1b1279-15f900-1654c9f28ae155%22%2C%22%24initial_referrer%22%3A%20%22%24direct%22%2C%22%24initial_referring_domain%22%3A%20%22%24direct%22%7D; __guid=187601784.2707749539805677600.1534607682438.6992; yjs_id=TW96aWxsYS81LjAgKFdpbmRvd3MgTlQgNi4xOyBXT1c2NCkgQXBwbGVXZWJLaXQvNTM3LjM2IChLSFRNTCwgbGlrZSBHZWNrbykgQ2hyb21lLzU1LjAuMjg4My44NyBTYWZhcmkvNTM3LjM2fGFwcC5kdXpoaXFpYW5nLmNvbXwxNTM0NjA3NjgyOTY5fA; ctrl_time=1; PHPSESSID=ss7si5mo0f1fsqdv68datppmbf; monitor_count=10',
  'accept-language' => 'zh-CN,zh;q=0.8',
  'accept-encoding' => 'gzip, deflate, sdch',
  'referer' => 'http://app.duzhiqiang.com/index/user/index.html',
  'accept' => 'text/html,application/xhtml+xml,application/xml;q=0.9,image/webp,*/*;q=0.8',
  'user-agent' => 'Mozilla/5.0 (Windows NT 6.1; WOW64) AppleWebKit/537.36 (KHTML, like Gecko) Chrome/55.0.2883.87 Safari/537.36',
  'upgrade-insecure-requests' => '1',
  'connection' => 'keep-alive',
  'host' => 'app.duzhiqiang.com',
)
[ info ] [ PARAM ] array (
)
[ info ] [ SESSION ] INIT array (
  'id' => '',
  'var_session_id' => '',
  'prefix' => 'think',
  'type' => '',
  'auto_start' => true,
)
[ info ] [ RUN ] app\index\controller\User->daoqi[ /www/wwwroot/app.duzhiqiang.com/application/index/controller/User.php ]
[ info ] [ DB ] INIT mysql
[ info ] [ VIEW ] /www/wwwroot/app.duzhiqiang.com/application/index/view/user/daoqi.html [ array (
  0 => 'list',
) ]
[ info ] [ LOG ] INIT File
[ sql ] [ DB ] CONNECT:[ UseTime:0.000194s ] mysql:dbname=app_duzhiqiang_;host=localhost;port=3306;charset=utf8
[ sql ] [ SQL ] SHOW COLUMNS FROM `ap_user` [ RunTime:0.000783s ]
[ sql ] [ SQL ] SELECT COUNT(*) AS tp_count FROM `ap_user` WHERE  (  (power=1 or power=2) and lasttime <1535039836 and lasttime>1534175836 ) LIMIT 1 [ RunTime:0.000701s ]
[ sql ] [ SQL ] SELECT * FROM `ap_user` WHERE  (  (power=1 or power=2) and lasttime <1535039836 and lasttime>1534175836 ) ORDER BY id desc LIMIT 0,10 [ RunTime:0.000699s ]
[ sql ] [ SQL ] SELECT `username` FROM `ap_user` WHERE  `id` = 1 LIMIT 1 [ RunTime:0.000225s ]
---------------------------------------------------------------
[ 2018-08-18T23:57:25+08:00 ] 10.139.164.219 123.118.74.84 GET /index/user/mlog.html
[ info ] app.duzhiqiang.com/index/user/mlog.html [运行时间：0.034657s][吞吐率：28.85req/s] [内存消耗：2,812.93kb] [文件加载：59]
[ info ] [ LANG ] /www/wwwroot/app.duzhiqiang.com/thinkphp/lang/zh-cn.php
[ info ] [ ROUTE ] array (
  'type' => 'module',
  'module' => 
  array (
    0 => 'index',
    1 => 'user',
    2 => 'mlog',
  ),
)
[ info ] [ HEADER ] array (
  'cookie' => 'Hm_lvt_c4b4876c8706f4fb03f22ded226258e7=1533970909,1534064921,1534421580,1534507685; mp_03fa90796c1e92c9e169584be53098ea_mixpanel=%7B%22distinct_id%22%3A%20%221654c9f28ada4-007b343aefae54-6b1b1279-15f900-1654c9f28ae155%22%2C%22%24initial_referrer%22%3A%20%22%24direct%22%2C%22%24initial_referring_domain%22%3A%20%22%24direct%22%7D; __guid=187601784.2707749539805677600.1534607682438.6992; yjs_id=TW96aWxsYS81LjAgKFdpbmRvd3MgTlQgNi4xOyBXT1c2NCkgQXBwbGVXZWJLaXQvNTM3LjM2IChLSFRNTCwgbGlrZSBHZWNrbykgQ2hyb21lLzU1LjAuMjg4My44NyBTYWZhcmkvNTM3LjM2fGFwcC5kdXpoaXFpYW5nLmNvbXwxNTM0NjA3NjgyOTY5fA; ctrl_time=1; PHPSESSID=ss7si5mo0f1fsqdv68datppmbf; monitor_count=11',
  'accept-language' => 'zh-CN,zh;q=0.8',
  'accept-encoding' => 'gzip, deflate, sdch',
  'referer' => 'http://app.duzhiqiang.com/index/user/daoqi.html',
  'accept' => 'text/html,application/xhtml+xml,application/xml;q=0.9,image/webp,*/*;q=0.8',
  'user-agent' => 'Mozilla/5.0 (Windows NT 6.1; WOW64) AppleWebKit/537.36 (KHTML, like Gecko) Chrome/55.0.2883.87 Safari/537.36',
  'upgrade-insecure-requests' => '1',
  'connection' => 'keep-alive',
  'host' => 'app.duzhiqiang.com',
)
[ info ] [ PARAM ] array (
)
[ info ] [ SESSION ] INIT array (
  'id' => '',
  'var_session_id' => '',
  'prefix' => 'think',
  'type' => '',
  'auto_start' => true,
)
[ info ] [ RUN ] app\index\controller\User->mlog[ /www/wwwroot/app.duzhiqiang.com/application/index/controller/User.php ]
[ info ] [ DB ] INIT mysql
[ info ] [ VIEW ] /www/wwwroot/app.duzhiqiang.com/application/index/view/user/mlog.html [ array (
  0 => 'list',
) ]
[ info ] [ LOG ] INIT File
[ sql ] [ DB ] CONNECT:[ UseTime:0.000229s ] mysql:dbname=app_duzhiqiang_;host=localhost;port=3306;charset=utf8
[ sql ] [ SQL ] SHOW COLUMNS FROM `ap_kai` [ RunTime:0.000620s ]
[ sql ] [ SQL ] SELECT COUNT(*) AS tp_count FROM `ap_kai` WHERE  (  uid>0  ) LIMIT 1 [ RunTime:0.000197s ]
[ sql ] [ SQL ] SELECT * FROM `ap_kai` WHERE  (  uid>0  ) ORDER BY `ctime`  desc LIMIT 0,10 [ RunTime:0.000194s ]
[ sql ] [ SQL ] SHOW COLUMNS FROM `ap_user` [ RunTime:0.000635s ]
[ sql ] [ SQL ] SELECT `username` FROM `ap_user` WHERE  `id` = 1 LIMIT 1 [ RunTime:0.000130s ]
[ sql ] [ SQL ] SELECT `username` FROM `ap_user` WHERE  `id` = 68 LIMIT 1 [ RunTime:0.000210s ]
[ sql ] [ SQL ] SELECT `username` FROM `ap_user` WHERE  `id` = 232 LIMIT 1 [ RunTime:0.000238s ]
[ sql ] [ SQL ] SELECT `username` FROM `ap_user` WHERE  `id` = 68 LIMIT 1 [ RunTime:0.000103s ]
[ sql ] [ SQL ] SELECT `username` FROM `ap_user` WHERE  `id` = 200 LIMIT 1 [ RunTime:0.000202s ]
[ sql ] [ SQL ] SELECT `username` FROM `ap_user` WHERE  `id` = 68 LIMIT 1 [ RunTime:0.000090s ]
[ sql ] [ SQL ] SELECT `username` FROM `ap_user` WHERE  `id` = 197 LIMIT 1 [ RunTime:0.000190s ]
[ sql ] [ SQL ] SELECT `username` FROM `ap_user` WHERE  `id` = 68 LIMIT 1 [ RunTime:0.000104s ]
[ sql ] [ SQL ] SELECT `username` FROM `ap_user` WHERE  `id` = 196 LIMIT 1 [ RunTime:0.000206s ]
[ sql ] [ SQL ] SELECT `username` FROM `ap_user` WHERE  `id` = 68 LIMIT 1 [ RunTime:0.000098s ]
[ sql ] [ SQL ] SELECT `username` FROM `ap_user` WHERE  `id` = 195 LIMIT 1 [ RunTime:0.000199s ]
[ sql ] [ SQL ] SELECT `username` FROM `ap_user` WHERE  `id` = 68 LIMIT 1 [ RunTime:0.000092s ]
[ sql ] [ SQL ] SELECT `username` FROM `ap_user` WHERE  `id` = 194 LIMIT 1 [ RunTime:0.000191s ]
[ sql ] [ SQL ] SELECT `username` FROM `ap_user` WHERE  `id` = 68 LIMIT 1 [ RunTime:0.000111s ]
[ sql ] [ SQL ] SELECT `username` FROM `ap_user` WHERE  `id` = 193 LIMIT 1 [ RunTime:0.000195s ]
[ sql ] [ SQL ] SELECT `username` FROM `ap_user` WHERE  `id` = 68 LIMIT 1 [ RunTime:0.000093s ]
[ sql ] [ SQL ] SELECT `username` FROM `ap_user` WHERE  `id` = 192 LIMIT 1 [ RunTime:0.000193s ]
[ sql ] [ SQL ] SELECT `username` FROM `ap_user` WHERE  `id` = 68 LIMIT 1 [ RunTime:0.000089s ]
[ sql ] [ SQL ] SELECT `username` FROM `ap_user` WHERE  `id` = 190 LIMIT 1 [ RunTime:0.000189s ]
[ sql ] [ SQL ] SELECT `username` FROM `ap_user` WHERE  `id` = 68 LIMIT 1 [ RunTime:0.000104s ]
[ sql ] [ SQL ] SELECT `username` FROM `ap_user` WHERE  `id` = 189 LIMIT 1 [ RunTime:0.000210s ]
---------------------------------------------------------------
[ 2018-08-18T23:57:30+08:00 ] 10.139.164.219 123.118.74.84 GET /index/user/mlog.html?page=2
[ info ] app.duzhiqiang.com/index/user/mlog.html?page=2 [运行时间：0.034171s][吞吐率：29.26req/s] [内存消耗：2,646.79kb] [文件加载：57]
[ info ] [ LANG ] /www/wwwroot/app.duzhiqiang.com/thinkphp/lang/zh-cn.php
[ info ] [ ROUTE ] array (
  'type' => 'module',
  'module' => 
  array (
    0 => 'index',
    1 => 'user',
    2 => 'mlog',
  ),
)
[ info ] [ HEADER ] array (
  'cookie' => 'Hm_lvt_c4b4876c8706f4fb03f22ded226258e7=1533970909,1534064921,1534421580,1534507685; mp_03fa90796c1e92c9e169584be53098ea_mixpanel=%7B%22distinct_id%22%3A%20%221654c9f28ada4-007b343aefae54-6b1b1279-15f900-1654c9f28ae155%22%2C%22%24initial_referrer%22%3A%20%22%24direct%22%2C%22%24initial_referring_domain%22%3A%20%22%24direct%22%7D; __guid=187601784.2707749539805677600.1534607682438.6992; yjs_id=TW96aWxsYS81LjAgKFdpbmRvd3MgTlQgNi4xOyBXT1c2NCkgQXBwbGVXZWJLaXQvNTM3LjM2IChLSFRNTCwgbGlrZSBHZWNrbykgQ2hyb21lLzU1LjAuMjg4My44NyBTYWZhcmkvNTM3LjM2fGFwcC5kdXpoaXFpYW5nLmNvbXwxNTM0NjA3NjgyOTY5fA; ctrl_time=1; PHPSESSID=ss7si5mo0f1fsqdv68datppmbf; monitor_count=12',
  'accept-language' => 'zh-CN,zh;q=0.8',
  'accept-encoding' => 'gzip, deflate, sdch',
  'referer' => 'http://app.duzhiqiang.com/index/user/mlog.html',
  'accept' => 'text/html,application/xhtml+xml,application/xml;q=0.9,image/webp,*/*;q=0.8',
  'user-agent' => 'Mozilla/5.0 (Windows NT 6.1; WOW64) AppleWebKit/537.36 (KHTML, like Gecko) Chrome/55.0.2883.87 Safari/537.36',
  'upgrade-insecure-requests' => '1',
  'connection' => 'keep-alive',
  'host' => 'app.duzhiqiang.com',
)
[ info ] [ PARAM ] array (
  'page' => '2',
)
[ info ] [ SESSION ] INIT array (
  'id' => '',
  'var_session_id' => '',
  'prefix' => 'think',
  'type' => '',
  'auto_start' => true,
)
[ info ] [ RUN ] app\index\controller\User->mlog[ /www/wwwroot/app.duzhiqiang.com/application/index/controller/User.php ]
[ info ] [ DB ] INIT mysql
[ info ] [ VIEW ] /www/wwwroot/app.duzhiqiang.com/application/index/view/user/mlog.html [ array (
  0 => 'list',
) ]
[ info ] [ LOG ] INIT File
[ sql ] [ DB ] CONNECT:[ UseTime:0.000216s ] mysql:dbname=app_duzhiqiang_;host=localhost;port=3306;charset=utf8
[ sql ] [ SQL ] SHOW COLUMNS FROM `ap_kai` [ RunTime:0.000603s ]
[ sql ] [ SQL ] SELECT COUNT(*) AS tp_count FROM `ap_kai` WHERE  (  uid>0  ) LIMIT 1 [ RunTime:0.000150s ]
[ sql ] [ SQL ] SELECT * FROM `ap_kai` WHERE  (  uid>0  ) ORDER BY `ctime`  desc LIMIT 10,10 [ RunTime:0.000277s ]
[ sql ] [ SQL ] SHOW COLUMNS FROM `ap_user` [ RunTime:0.000858s ]
[ sql ] [ SQL ] SELECT `username` FROM `ap_user` WHERE  `id` = 1 LIMIT 1 [ RunTime:0.000166s ]
[ sql ] [ SQL ] SELECT `username` FROM `ap_user` WHERE  `id` = 68 LIMIT 1 [ RunTime:0.000169s ]
[ sql ] [ SQL ] SELECT `username` FROM `ap_user` WHERE  `id` = 188 LIMIT 1 [ RunTime:0.000329s ]
[ sql ] [ SQL ] SELECT `username` FROM `ap_user` WHERE  `id` = 68 LIMIT 1 [ RunTime:0.000127s ]
[ sql ] [ SQL ] SELECT `username` FROM `ap_user` WHERE  `id` = 187 LIMIT 1 [ RunTime:0.000242s ]
[ sql ] [ SQL ] SELECT `username` FROM `ap_user` WHERE  `id` = 181 LIMIT 1 [ RunTime:0.000204s ]
[ sql ] [ SQL ] SELECT `username` FROM `ap_user` WHERE  `id` = 186 LIMIT 1 [ RunTime:0.000196s ]
[ sql ] [ SQL ] SELECT `username` FROM `ap_user` WHERE  `id` = 68 LIMIT 1 [ RunTime:0.000105s ]
[ sql ] [ SQL ] SELECT `username` FROM `ap_user` WHERE  `id` = 185 LIMIT 1 [ RunTime:0.000203s ]
[ sql ] [ SQL ] SELECT `username` FROM `ap_user` WHERE  `id` = 68 LIMIT 1 [ RunTime:0.000097s ]
[ sql ] [ SQL ] SELECT `username` FROM `ap_user` WHERE  `id` = 184 LIMIT 1 [ RunTime:0.000191s ]
[ sql ] [ SQL ] SELECT `username` FROM `ap_user` WHERE  `id` = 68 LIMIT 1 [ RunTime:0.000092s ]
[ sql ] [ SQL ] SELECT `username` FROM `ap_user` WHERE  `id` = 182 LIMIT 1 [ RunTime:0.000214s ]
[ sql ] [ SQL ] SELECT `username` FROM `ap_user` WHERE  `id` = 68 LIMIT 1 [ RunTime:0.000090s ]
[ sql ] [ SQL ] SELECT `username` FROM `ap_user` WHERE  `id` = 181 LIMIT 1 [ RunTime:0.000088s ]
[ sql ] [ SQL ] SELECT `username` FROM `ap_user` WHERE  `id` = 1 LIMIT 1 [ RunTime:0.000109s ]
[ sql ] [ SQL ] SELECT `username` FROM `ap_user` WHERE  `id` = 68 LIMIT 1 [ RunTime:0.000107s ]
[ sql ] [ SQL ] SELECT `username` FROM `ap_user` WHERE  `id` = 1 LIMIT 1 [ RunTime:0.000084s ]
[ sql ] [ SQL ] SELECT `username` FROM `ap_user` WHERE  `id` = 122 LIMIT 1 [ RunTime:0.000179s ]
[ sql ] [ SQL ] SELECT `username` FROM `ap_user` WHERE  `id` = 1 LIMIT 1 [ RunTime:0.000088s ]
[ sql ] [ SQL ] SELECT `username` FROM `ap_user` WHERE  `id` = 3 LIMIT 1 [ RunTime:0.000174s ]
---------------------------------------------------------------
[ 2018-08-18T23:57:35+08:00 ] 10.139.164.219 123.118.74.84 GET /index/vip/advert.html
[ info ] app.duzhiqiang.com/index/vip/advert.html [运行时间：0.027303s][吞吐率：36.63req/s] [内存消耗：2,508.98kb] [文件加载：54]
[ info ] [ LANG ] /www/wwwroot/app.duzhiqiang.com/thinkphp/lang/zh-cn.php
[ info ] [ ROUTE ] array (
  'type' => 'module',
  'module' => 
  array (
    0 => 'index',
    1 => 'vip',
    2 => 'advert',
  ),
)
[ info ] [ HEADER ] array (
  'cookie' => 'Hm_lvt_c4b4876c8706f4fb03f22ded226258e7=1533970909,1534064921,1534421580,1534507685; mp_03fa90796c1e92c9e169584be53098ea_mixpanel=%7B%22distinct_id%22%3A%20%221654c9f28ada4-007b343aefae54-6b1b1279-15f900-1654c9f28ae155%22%2C%22%24initial_referrer%22%3A%20%22%24direct%22%2C%22%24initial_referring_domain%22%3A%20%22%24direct%22%7D; __guid=187601784.2707749539805677600.1534607682438.6992; yjs_id=TW96aWxsYS81LjAgKFdpbmRvd3MgTlQgNi4xOyBXT1c2NCkgQXBwbGVXZWJLaXQvNTM3LjM2IChLSFRNTCwgbGlrZSBHZWNrbykgQ2hyb21lLzU1LjAuMjg4My44NyBTYWZhcmkvNTM3LjM2fGFwcC5kdXpoaXFpYW5nLmNvbXwxNTM0NjA3NjgyOTY5fA; ctrl_time=1; PHPSESSID=ss7si5mo0f1fsqdv68datppmbf; monitor_count=13',
  'accept-language' => 'zh-CN,zh;q=0.8',
  'accept-encoding' => 'gzip, deflate, sdch',
  'referer' => 'http://app.duzhiqiang.com/index/user/mlog.html?page=2',
  'accept' => 'text/html,application/xhtml+xml,application/xml;q=0.9,image/webp,*/*;q=0.8',
  'user-agent' => 'Mozilla/5.0 (Windows NT 6.1; WOW64) AppleWebKit/537.36 (KHTML, like Gecko) Chrome/55.0.2883.87 Safari/537.36',
  'upgrade-insecure-requests' => '1',
  'connection' => 'keep-alive',
  'host' => 'app.duzhiqiang.com',
)
[ info ] [ PARAM ] array (
)
[ info ] [ SESSION ] INIT array (
  'id' => '',
  'var_session_id' => '',
  'prefix' => 'think',
  'type' => '',
  'auto_start' => true,
)
[ info ] [ RUN ] app\index\controller\Vip->advert[ /www/wwwroot/app.duzhiqiang.com/application/index/controller/Vip.php ]
[ info ] [ VIEW ] /www/wwwroot/app.duzhiqiang.com/application/index/view/vip/advert.html [ array (
  0 => 'code',
) ]
[ info ] [ DB ] INIT mysql
[ info ] [ LOG ] INIT File
[ sql ] [ DB ] CONNECT:[ UseTime:0.000882s ] mysql:dbname=app_duzhiqiang_;host=localhost;port=3306;charset=utf8
[ sql ] [ SQL ] SHOW COLUMNS FROM `ap_user` [ RunTime:0.000707s ]
[ sql ] [ SQL ] SELECT `username` FROM `ap_user` WHERE  `id` = 1 LIMIT 1 [ RunTime:0.000124s ]
[ sql ] [ SQL ] SHOW COLUMNS FROM `ap_advert` [ RunTime:0.000435s ]
[ sql ] [ SQL ] SELECT `content` FROM `ap_advert` WHERE  `id` = 1 LIMIT 1 [ RunTime:0.000101s ]
[ sql ] [ SQL ] SELECT `content` FROM `ap_advert` WHERE  `id` = 7 LIMIT 1 [ RunTime:0.000091s ]
[ sql ] [ SQL ] SELECT `content` FROM `ap_advert` WHERE  `id` = 13 LIMIT 1 [ RunTime:0.000123s ]
[ sql ] [ SQL ] SELECT `content` FROM `ap_advert` WHERE  `id` = 2 LIMIT 1 [ RunTime:0.000112s ]
[ sql ] [ SQL ] SELECT `content` FROM `ap_advert` WHERE  `id` = 3 LIMIT 1 [ RunTime:0.000095s ]
[ sql ] [ SQL ] SELECT `content` FROM `ap_advert` WHERE  `id` = 14 LIMIT 1 [ RunTime:0.000107s ]
[ sql ] [ SQL ] SELECT `content` FROM `ap_advert` WHERE  `id` = 15 LIMIT 1 [ RunTime:0.000087s ]
[ sql ] [ SQL ] SELECT `content` FROM `ap_advert` WHERE  `id` = 16 LIMIT 1 [ RunTime:0.000084s ]
[ sql ] [ SQL ] SELECT `content` FROM `ap_advert` WHERE  `id` = 17 LIMIT 1 [ RunTime:0.000084s ]
[ sql ] [ SQL ] SELECT `content` FROM `ap_advert` WHERE  `id` = 4 LIMIT 1 [ RunTime:0.000106s ]
[ sql ] [ SQL ] SELECT `content` FROM `ap_advert` WHERE  `id` = 5 LIMIT 1 [ RunTime:0.000094s ]
[ sql ] [ SQL ] SELECT `content` FROM `ap_advert` WHERE  `id` = 6 LIMIT 1 [ RunTime:0.000084s ]
[ sql ] [ SQL ] SELECT `content` FROM `ap_advert` WHERE  `id` = 8 LIMIT 1 [ RunTime:0.000083s ]
[ sql ] [ SQL ] SELECT `content` FROM `ap_advert` WHERE  `id` = 9 LIMIT 1 [ RunTime:0.000082s ]
[ sql ] [ SQL ] SELECT `content` FROM `ap_advert` WHERE  `id` = 10 LIMIT 1 [ RunTime:0.000093s ]
[ sql ] [ SQL ] SELECT `content` FROM `ap_advert` WHERE  `id` = 11 LIMIT 1 [ RunTime:0.000104s ]
[ sql ] [ SQL ] SELECT `content` FROM `ap_advert` WHERE  `id` = 12 LIMIT 1 [ RunTime:0.000121s ]
