---------------------------------------------------------------
[ 2018-09-04T12:17:03+08:00 ] 10.139.164.219 180.119.12.132 GET /login/login/banben.html
[ info ] app.duzhiqiang.com/login/login/banben.html [运行时间：0.125222s][吞吐率：7.99req/s] [内存消耗：3,363.63kb] [文件加载：53]
[ info ] [ LANG ] /www/wwwroot/app.duzhiqiang.com/thinkphp/lang/zh-cn.php
[ info ] [ ROUTE ] array (
  'type' => 'module',
  'module' => 
  array (
    0 => 'login',
    1 => 'login',
    2 => 'banben',
  ),
)
[ info ] [ HEADER ] array (
  'charset' => 'UTF-8',
  'accept' => '*/*',
  'user-agent' => 'Mozilla/5.0 (Linux; Android 5.1; OPPO R9m Build/LMY47I; wv) AppleWebKit/537.36 (KHTML, like Gecko) Version/4.0 Chrome/43.0.2357.121 Mobile Safari/537.36',
  'connection' => 'Keep-Alive',
  'accept-encoding' => 'gzip',
  'host' => 'app.duzhiqiang.com',
)
[ info ] [ PARAM ] array (
)
[ info ] [ RUN ] app\login\controller\Login->banben[ /www/wwwroot/app.duzhiqiang.com/application/login/controller/Login.php ]
[ info ] [ DB ] INIT mysql
[ info ] [ LOG ] INIT File
[ sql ] [ DB ] CONNECT:[ UseTime:0.003215s ] mysql:dbname=app_duzhiqiang_;host=localhost;port=3306;charset=utf8
[ sql ] [ SQL ] SHOW COLUMNS FROM `ap_advert` [ RunTime:0.001010s ]
[ sql ] [ SQL ] SELECT `content` FROM `ap_advert` WHERE  `id` = 6 LIMIT 1 [ RunTime:0.000419s ]
[ sql ] [ SQL ] SELECT `content` FROM `ap_advert` WHERE  `id` = 8 LIMIT 1 [ RunTime:0.001157s ]
[ sql ] [ SQL ] SELECT `content` FROM `ap_advert` WHERE  `id` = 9 LIMIT 1 [ RunTime:0.000111s ]
[ sql ] [ SQL ] SELECT `content` FROM `ap_advert` WHERE  `id` = 10 LIMIT 1 [ RunTime:0.000102s ]
[ sql ] [ SQL ] SELECT `content` FROM `ap_advert` WHERE  `id` = 11 LIMIT 1 [ RunTime:0.001101s ]
[ sql ] [ SQL ] SELECT `content` FROM `ap_advert` WHERE  `id` = 12 LIMIT 1 [ RunTime:0.000124s ]
[ sql ] [ SQL ] SELECT `content` FROM `ap_advert` WHERE  `id` = 13 LIMIT 1 [ RunTime:0.000148s ]
[ sql ] [ SQL ] SELECT `content` FROM `ap_advert` WHERE  `id` = 7 LIMIT 1 [ RunTime:0.000123s ]
